14:35:25   【量程和磁场传感器类型】FF AA 27 20 00 
14:35:25   【量程和磁场传感器类型】FF AA 27 61 00 
14:35:25   【量程和磁场传感器类型】FF AA 27 72 00 
14:35:25   【量程和磁场传感器类型】FF AA 27 2E 00 
14:35:41   【量程和磁场传感器类型】FF AA 27 20 00 
14:35:41   【量程和磁场传感器类型】FF AA 27 61 00 
14:35:41   【量程和磁场传感器类型】FF AA 27 72 00 
14:35:41   【量程和磁场传感器类型】FF AA 27 2E 00 
14:35:42   【读取配置信息】FF AA 27 01 00 
14:35:42   【读取配置信息】FF AA 27 0E 00 
14:35:42   【读取配置信息】FF AA 27 12 00 
14:35:42   【读取配置信息】FF AA 27 16 00 
14:35:42   【读取配置信息】FF AA 27 1A 00 
14:35:42   【读取配置信息】FF AA 27 1F 00 
14:35:42   【读取配置信息】FF AA 27 23 00 
14:35:42   【读取配置信息】FF AA 27 2D 00 
14:35:42   【读取配置信息】FF AA 27 61 00 
14:35:42   【读取配置信息】FF AA 27 69 00 
14:35:42   【读取配置信息】FF AA 27 6E 00 
14:35:42   【读取配置信息】FF AA 27 75 00 
14:35:42   【读取配置信息】FF AA 27 7F 00 
14:35:42   【读取配置信息】FF AA 27 83 00 
